#-----------------------------------------------------------
# Vivado v2019.2 (64-bit)
# SW Build 2700185 on Thu Oct 24 18:46:05 MDT 2019
# IP Build 2699827 on Thu Oct 24 21:16:38 MDT 2019
# Start of session at: Sat Feb  1 15:48:23 2020
# Process ID: 4756
# Current directory: C:/Users/Jeffrey Huang/Documents/WPI/2019-2020/C term/ECE3829/ece3829_lab2
# Command line: vivado.exe -gui_launcher_event rodinguilauncherevent16600 C:\Users\Jeffrey Huang\Documents\WPI\2019-2020\C term\ECE3829\ece3829_lab2\ece3829_lab2.xpr
# Log file: C:/Users/Jeffrey Huang/Documents/WPI/2019-2020/C term/ECE3829/ece3829_lab2/vivado.log
# Journal file: C:/Users/Jeffrey Huang/Documents/WPI/2019-2020/C term/ECE3829/ece3829_lab2\vivado.jou
#-----------------------------------------------------------
start_gui
open_project {C:/Users/Jeffrey Huang/Documents/WPI/2019-2020/C term/ECE3829/ece3829_lab2/ece3829_lab2.xpr}
INFO: [Project 1-313] Project file moved from 'C:/Users/alyss/Documents/GitHub/ece3829_lab2' since last save.
Scanning sources...
Finished scanning sources
INFO: [IP_Flow 19-234] Refreshing IP repositories
INFO: [IP_Flow 19-1704] No user IP repositories specified
INFO: [IP_Flow 19-2313] Loaded Vivado IP repository 'C:/Xilinx/Vivado/2019.2/data/ip'.
open_project: Time (s): cpu = 00:00:24 ; elapsed = 00:00:10 . Memory (MB): peak = 869.254 ; gain = 187.980
exit
INFO: [Common 17-206] Exiting Vivadoclose [ open {C:/Users/Jeffrey Huang/Documents/WPI/2019-2020/C term/ECE3829/ece3829_lab2/ece3829_lab2.srcs/sources_1/new/adc_sclk.v} w ]
add_files {{C:/Users/Jeffrey Huang/Documents/WPI/2019-2020/C term/ECE3829/ece3829_lab2/ece3829_lab2.srcs/sources_1/new/adc_sclk.v}}
update_compile_order -fileset sources_1
update_compile_order -fileset sources_1
update_compile_order -fileset sources_1
update_compile_order -fileset sources_1
update_compile_order -fileset sources_1
close_project
open_project {C:/Users/Jeffrey Huang/Documents/WPI/2019-2020/C term/ECE3829/ece3829_lab2/ece3829_lab2.xpr}
Scanning sources...
Finished scanning sources
INFO: [IP_Flow 19-234] Refreshing IP repositories
INFO: [IP_Flow 19-1704] No user IP repositories specified
INFO: [IP_Flow 19-2313] Loaded Vivado IP repository 'C:/Xilinx/Vivado/2019.2/data/ip'.
update_compile_order -fileset sources_1
update_compile_order -fileset sources_1
update_compile_order -fileset sources_1
update_compile_order -fileset sources_1
reset_run synth_1
launch_runs impl_1 -to_step write_bitstream -jobs 4
[Sat Feb  1 17:31:21 2020] Launched synth_1...
Run output will be captured here: C:/Users/Jeffrey Huang/Documents/WPI/2019-2020/C term/ECE3829/ece3829_lab2/ece3829_lab2.runs/synth_1/runme.log
[Sat Feb  1 17:31:21 2020] Launched impl_1...
Run output will be captured here: C:/Users/Jeffrey Huang/Documents/WPI/2019-2020/C term/ECE3829/ece3829_lab2/ece3829_lab2.runs/impl_1/runme.log
reset_run synth_1
